[0.038s] Invoking command in '/home/ubuntu/ros2_ws/build/examples_rclcpp_async_client': CMAKE_PREFIX_PATH=${CMAKE_PREFIX_PATH}:/opt/ros/foxy /usr/bin/cmake --build /home/ubuntu/ros2_ws/build/examples_rclcpp_async_client -- -j2 -l2
[0.119s] [ 50%] [32mBuilding CXX object CMakeFiles/client_main.dir/main.cpp.o[0m
[2.500s] [01m[K/home/ubuntu/ros2_ws/src/examples/rclcpp/services/async_client/main.cpp:[m[K In lambda function:
[2.501s] [01m[K/home/ubuntu/ros2_ws/src/examples/rclcpp/services/async_client/main.cpp:46:42:[m[K [01;31m[Kerror: [m[Kâ€˜[01m[Kusing element_type = class rclcpp::Client<example_interfaces::srv::AddTwoInts>[m[Kâ€™ {aka â€˜[01m[Kclass rclcpp::Client<example_interfaces::srv::AddTwoInts>[m[Kâ€™} has no member named â€˜[01m[Kprune_requests_older_than[m[Kâ€™
[2.501s]    46 |         size_t n_pruned = this->client_->[01;31m[Kprune_requests_older_than[m[K(
[2.501s]       |                                          [01;31m[K^~~~~~~~~~~~~~~~~~~~~~~~~[m[K
[2.529s] In file included from [01m[K/opt/ros/foxy/include/rclcpp/client.hpp:40[m[K,
[2.530s]                  from [01m[K/opt/ros/foxy/include/rclcpp/callback_group.hpp:23[m[K,
[2.530s]                  from [01m[K/opt/ros/foxy/include/rclcpp/any_executable.hpp:20[m[K,
[2.530s]                  from [01m[K/opt/ros/foxy/include/rclcpp/memory_strategy.hpp:24[m[K,
[2.530s]                  from [01m[K/opt/ros/foxy/include/rclcpp/memory_strategies.hpp:18[m[K,
[2.530s]                  from [01m[K/opt/ros/foxy/include/rclcpp/executor_options.hpp:20[m[K,
[2.530s]                  from [01m[K/opt/ros/foxy/include/rclcpp/executor.hpp:33[m[K,
[2.531s]                  from [01m[K/opt/ros/foxy/include/rclcpp/executors/multi_threaded_executor.hpp:26[m[K,
[2.531s]                  from [01m[K/opt/ros/foxy/include/rclcpp/executors.hpp:21[m[K,
[2.531s]                  from [01m[K/opt/ros/foxy/include/rclcpp/rclcpp.hpp:146[m[K,
[2.531s]                  from [01m[K/home/ubuntu/ros2_ws/src/examples/rclcpp/services/async_client/main.cpp:24[m[K:
[2.531s] [01m[K/home/ubuntu/ros2_ws/src/examples/rclcpp/services/async_client/main.cpp:[m[K In member function â€˜[01m[Kvoid ClientNode::queue_async_request(int64_t, int64_t)[m[Kâ€™:
[2.532s] [01m[K/home/ubuntu/ros2_ws/src/examples/rclcpp/services/async_client/main.cpp:103:14:[m[K [01;31m[Kerror: [m[Kâ€˜[01m[Kclass std::shared_future<std::pair<std::shared_ptr<example_interfaces::srv::AddTwoInts_Request_<std::allocator<void> > >, std::shared_ptr<example_interfaces::srv::AddTwoInts_Response_<std::allocator<void> > > > >[m[Kâ€™ has no member named â€˜[01m[Krequest_id[m[Kâ€™
[2.532s]   103 |       result.[01;31m[Krequest_id[m[K);
[2.532s]       |              [01;31m[K^~~~~~~~~~[m[K
[2.533s] [01m[K/home/ubuntu/ros2_ws/src/examples/rclcpp/services/async_client/main.cpp:[m[K At global scope:
[2.533s] [01m[K/home/ubuntu/ros2_ws/src/examples/rclcpp/services/async_client/main.cpp:123:6:[m[K [01;31m[Kerror: [m[Kâ€˜[01m[Koptional[m[Kâ€™ in namespace â€˜[01m[Kstd[m[Kâ€™ does not name a template type
[2.534s]   123 | std::[01;31m[Koptional[m[K<int64_t>
[2.534s]       |      [01;31m[K^~~~~~~~[m[K
[2.534s] [01m[K/home/ubuntu/ros2_ws/src/examples/rclcpp/services/async_client/main.cpp:123:1:[m[K [01;36m[Knote: [m[Kâ€˜[01m[Kstd::optional[m[Kâ€™ is only available from C++17 onwards
[2.534s]   123 | [01;36m[Kstd[m[K::optional<int64_t>
[2.534s]       | [01;36m[K^~~[m[K
[2.541s] [01m[K/home/ubuntu/ros2_ws/src/examples/rclcpp/services/async_client/main.cpp:[m[K In lambda function:
[2.542s] [01m[K/home/ubuntu/ros2_ws/src/examples/rclcpp/services/async_client/main.cpp:171:53:[m[K [01;31m[Kerror: [m[Kno matching function for call to â€˜[01m[Krclcpp::executors::SingleThreadedExecutor::spin_until_future_complete(const std::future<void>&)[m[Kâ€™
[2.542s]   171 |       executor.spin_until_future_complete(stop_token[01;31m[K)[m[K;
[2.542s]       |                                                     [01;31m[K^[m[K
[2.542s] In file included from [01m[K/opt/ros/foxy/include/rclcpp/executors/multi_threaded_executor.hpp:26[m[K,
[2.542s]                  from [01m[K/opt/ros/foxy/include/rclcpp/executors.hpp:21[m[K,
[2.543s]                  from [01m[K/opt/ros/foxy/include/rclcpp/rclcpp.hpp:146[m[K,
[2.543s]                  from [01m[K/home/ubuntu/ros2_ws/src/examples/rclcpp/services/async_client/main.cpp:24[m[K:
[2.543s] [01m[K/opt/ros/foxy/include/rclcpp/executor.hpp:194:3:[m[K [01;36m[Knote: [m[Kcandidate: â€˜[01m[Ktemplate<class ResponseT, class TimeRepT, class TimeT> rclcpp::FutureReturnCode rclcpp::Executor::spin_until_future_complete(const std::shared_future<_Res>&, std::chrono::duration<_Rep, _Period>)[m[Kâ€™
[2.543s]   194 |   [01;36m[Kspin_until_future_complete[m[K(
[2.543s]       |   [01;36m[K^~~~~~~~~~~~~~~~~~~~~~~~~~[m[K
[2.544s] [01m[K/opt/ros/foxy/include/rclcpp/executor.hpp:194:3:[m[K [01;36m[Knote: [m[K  template argument deduction/substitution failed:
[2.544s] [01m[K/home/ubuntu/ros2_ws/src/examples/rclcpp/services/async_client/main.cpp:171:53:[m[K [01;36m[Knote: [m[K  â€˜[01m[Kconst std::future<void>[m[Kâ€™ is not derived from â€˜[01m[Kconst std::shared_future<_Res>[m[Kâ€™
[2.544s]   171 |       executor.spin_until_future_complete(stop_token[01;36m[K)[m[K;
[2.544s]       |                                                     [01;36m[K^[m[K
[2.548s] [01m[K/home/ubuntu/ros2_ws/src/examples/rclcpp/services/async_client/main.cpp:[m[K In function â€˜[01m[Kint main(int, char**)[m[Kâ€™:
[2.548s] [01m[K/home/ubuntu/ros2_ws/src/examples/rclcpp/services/async_client/main.cpp:175:28:[m[K [01;31m[Kerror: [m[Kâ€˜[01m[Kread_number[m[Kâ€™ was not declared in this scope; did you mean â€˜[01m[Kread_more[m[Kâ€™?
[2.548s]   175 |     auto optional_number = [01;31m[Kread_number[m[K(buffer, logger);
[2.548s]       |                            [01;31m[K^~~~~~~~~~~[m[K
[2.548s]       |                            [32m[Kread_more[m[K
[3.921s] make[2]: *** [CMakeFiles/client_main.dir/build.make:63: CMakeFiles/client_main.dir/main.cpp.o] Error 1
[3.922s] make[1]: *** [CMakeFiles/Makefile2:78: CMakeFiles/client_main.dir/all] Error 2
[3.922s] make: *** [Makefile:141: all] Error 2
[3.925s] Invoked command in '/home/ubuntu/ros2_ws/build/examples_rclcpp_async_client' returned '2': CMAKE_PREFIX_PATH=${CMAKE_PREFIX_PATH}:/opt/ros/foxy /usr/bin/cmake --build /home/ubuntu/ros2_ws/build/examples_rclcpp_async_client -- -j2 -l2
