[0.030s] Invoking command in '/home/ubuntu/ros2_ws/build/examples_rclcpp_cbg_executor': CMAKE_PREFIX_PATH=${CMAKE_PREFIX_PATH}:/opt/ros/foxy /usr/bin/cmake --build /home/ubuntu/ros2_ws/build/examples_rclcpp_cbg_executor -- -j2 -l2
[0.267s] [ 10%] [32mBuilding CXX object CMakeFiles/ping_pong.dir/src/ping_pong.cpp.o[0m
[0.271s] [ 20%] [32mBuilding CXX object CMakeFiles/pong.dir/src/pong.cpp.o[0m
[3.077s] [01m[K/home/ubuntu/ros2_ws/src/examples/rclcpp/executors/cbg_executor/src/pong.cpp:[m[K In function â€˜[01m[Kint main(int, char**)[m[Kâ€™:
[3.077s] [01m[K/home/ubuntu/ros2_ws/src/examples/rclcpp/executors/cbg_executor/src/pong.cpp:58:22:[m[K [01;31m[Kerror: [m[Kâ€˜[01m[Kclass rclcpp::executors::SingleThreadedExecutor[m[Kâ€™ has no member named â€˜[01m[Kadd_callback_group[m[Kâ€™
[3.077s]    58 |   high_prio_executor.[01;31m[Kadd_callback_group[m[K(
[3.077s]       |                      [01;31m[K^~~~~~~~~~~~~~~~~~[m[K
[3.089s] [01m[K/home/ubuntu/ros2_ws/src/examples/rclcpp/executors/cbg_executor/src/pong.cpp:60:21:[m[K [01;31m[Kerror: [m[Kâ€˜[01m[Kclass rclcpp::executors::SingleThreadedExecutor[m[Kâ€™ has no member named â€˜[01m[Kadd_callback_group[m[Kâ€™
[3.089s]    60 |   low_prio_executor.[01;31m[Kadd_callback_group[m[K(
[3.089s]       |                     [01;31m[K^~~~~~~~~~~~~~~~~~[m[K
[3.355s] [01m[K/home/ubuntu/ros2_ws/src/examples/rclcpp/executors/cbg_executor/src/ping_pong.cpp:[m[K In function â€˜[01m[Kint main(int, char**)[m[Kâ€™:
[3.355s] [01m[K/home/ubuntu/ros2_ws/src/examples/rclcpp/executors/cbg_executor/src/ping_pong.cpp:64:22:[m[K [01;31m[Kerror: [m[Kâ€˜[01m[Kclass rclcpp::executors::SingleThreadedExecutor[m[Kâ€™ has no member named â€˜[01m[Kadd_callback_group[m[Kâ€™
[3.355s]    64 |   high_prio_executor.[01;31m[Kadd_callback_group[m[K(
[3.355s]       |                      [01;31m[K^~~~~~~~~~~~~~~~~~[m[K
[3.356s] [01m[K/home/ubuntu/ros2_ws/src/examples/rclcpp/executors/cbg_executor/src/ping_pong.cpp:66:21:[m[K [01;31m[Kerror: [m[Kâ€˜[01m[Kclass rclcpp::executors::SingleThreadedExecutor[m[Kâ€™ has no member named â€˜[01m[Kadd_callback_group[m[Kâ€™
[3.356s]    66 |   low_prio_executor.[01;31m[Kadd_callback_group[m[K(
[3.356s]       |                     [01;31m[K^~~~~~~~~~~~~~~~~~[m[K
[3.957s] make[2]: *** [CMakeFiles/pong.dir/build.make:63: CMakeFiles/pong.dir/src/pong.cpp.o] Error 1
[3.958s] make[1]: *** [CMakeFiles/Makefile2:109: CMakeFiles/pong.dir/all] Error 2
[3.958s] make[1]: *** Waiting for unfinished jobs....
[3.997s] [ 30%] [32mBuilding CXX object CMakeFiles/ping_pong.dir/src/examples_rclcpp_cbg_executor/pong_node.cpp.o[0m
[4.040s] make[2]: *** [CMakeFiles/ping_pong.dir/build.make:63: CMakeFiles/ping_pong.dir/src/ping_pong.cpp.o] Error 1
[4.040s] make[2]: *** Waiting for unfinished jobs....
[10.487s] make[1]: *** [CMakeFiles/Makefile2:82: CMakeFiles/ping_pong.dir/all] Error 2
[10.489s] make: *** [Makefile:141: all] Error 2
