-- The C compiler identification is GNU 9.4.0
-- The CXX compiler identification is GNU 9.4.0
-- Check for working C compiler: /usr/bin/cc
-- Check for working C compiler: /usr/bin/cc -- works
-- Detecting C compiler ABI info
-- Detecting C compiler ABI info - done
-- Detecting C compile features
-- Detecting C compile features - done
-- Check for working CXX compiler: /usr/bin/c++
-- Check for working CXX compiler: /usr/bin/c++ -- works
-- Detecting CXX compiler ABI info
-- Detecting CXX compiler ABI info - done
-- Detecting CXX compile features
-- Detecting CXX compile features - done
-- Found ament_cmake: 0.9.9 (/opt/ros/foxy/share/ament_cmake/cmake)
-- Found PythonInterp: /usr/bin/python3 (found suitable version "3.8.10", minimum required is "3") 
-- Using PYTHON_EXECUTABLE: /usr/bin/python3
-- Override CMake install command with custom implementation using symlinks instead of copying resources
-- Found rclcpp: 2.4.1 (/opt/ros/foxy/share/rclcpp/cmake)
-- Using all available rosidl_typesupport_c: rosidl_typesupport_fastrtps_c;rosidl_typesupport_introspection_c
-- Found rosidl_adapter: 1.2.1 (/opt/ros/foxy/share/rosidl_adapter/cmake)
-- Found OpenSSL: /usr/lib/x86_64-linux-gnu/libcrypto.so (found version "1.1.1f")  
-- Found FastRTPS: /opt/ros/foxy/include  
-- Using all available rosidl_typesupport_cpp: rosidl_typesupport_fastrtps_cpp;rosidl_typesupport_introspection_cpp
-- Found rmw_implementation_cmake: 1.0.3 (/opt/ros/foxy/share/rmw_implementation_cmake/cmake)
-- Using RMW implementation 'rmw_fastrtps_cpp' as default
-- Looking for pthread.h
-- Looking for pthread.h - found
-- Performing Test CMAKE_HAVE_LIBC_PTHREAD
-- Performing Test CMAKE_HAVE_LIBC_PTHREAD - Failed
-- Looking for pthread_create in pthreads
-- Looking for pthread_create in pthreads - not found
-- Looking for pthread_create in pthread
-- Looking for pthread_create in pthread - found
-- Found Threads: TRUE  
-- Found ament_lint_auto: 0.9.6 (/opt/ros/foxy/share/ament_lint_auto/cmake)
-- Added test 'copyright' to check source files copyright and LICENSE
-- Added test 'cppcheck' to perform static code analysis on C / C++ code
-- Configured cppcheck include dirs: /home/ubuntu/ros2_ws/src/examples/rclcpp/executors/cbg_executor/include
-- Configured cppcheck exclude dirs and/or files: 
-- Added test 'cpplint' to check C / C++ code against the Google style
-- Configured cpplint exclude dirs and/or files: 
-- Added test 'lint_cmake' to check CMake code style
-- Added test 'uncrustify' to check C / C++ code style
-- Configured uncrustify additional arguments: 
-- Added test 'xmllint' to check XML markup files
-- Configuring done
-- Generating done
-- Build files have been written to: /home/ubuntu/ros2_ws/build/examples_rclcpp_cbg_executor
[35m[1mScanning dependencies of target pong[0m
[35m[1mScanning dependencies of target ping_pong[0m
[ 10%] [32mBuilding CXX object CMakeFiles/pong.dir/src/pong.cpp.o[0m
[ 20%] [32mBuilding CXX object CMakeFiles/ping_pong.dir/src/ping_pong.cpp.o[0m
[01m[K/home/ubuntu/ros2_ws/src/examples/rclcpp/executors/cbg_executor/src/pong.cpp:[m[K In function â€˜[01m[Kint main(int, char**)[m[Kâ€™:
[01m[K/home/ubuntu/ros2_ws/src/examples/rclcpp/executors/cbg_executor/src/pong.cpp:58:22:[m[K [01;31m[Kerror: [m[Kâ€˜[01m[Kclass rclcpp::executors::SingleThreadedExecutor[m[Kâ€™ has no member named â€˜[01m[Kadd_callback_group[m[Kâ€™
   58 |   high_prio_executor.[01;31m[Kadd_callback_group[m[K(
      |                      [01;31m[K^~~~~~~~~~~~~~~~~~[m[K
[01m[K/home/ubuntu/ros2_ws/src/examples/rclcpp/executors/cbg_executor/src/pong.cpp:60:21:[m[K [01;31m[Kerror: [m[Kâ€˜[01m[Kclass rclcpp::executors::SingleThreadedExecutor[m[Kâ€™ has no member named â€˜[01m[Kadd_callback_group[m[Kâ€™
   60 |   low_prio_executor.[01;31m[Kadd_callback_group[m[K(
      |                     [01;31m[K^~~~~~~~~~~~~~~~~~[m[K
[01m[K/home/ubuntu/ros2_ws/src/examples/rclcpp/executors/cbg_executor/src/ping_pong.cpp:[m[K In function â€˜[01m[Kint main(int, char**)[m[Kâ€™:
[01m[K/home/ubuntu/ros2_ws/src/examples/rclcpp/executors/cbg_executor/src/ping_pong.cpp:64:22:[m[K [01;31m[Kerror: [m[Kâ€˜[01m[Kclass rclcpp::executors::SingleThreadedExecutor[m[Kâ€™ has no member named â€˜[01m[Kadd_callback_group[m[Kâ€™
   64 |   high_prio_executor.[01;31m[Kadd_callback_group[m[K(
      |                      [01;31m[K^~~~~~~~~~~~~~~~~~[m[K
[01m[K/home/ubuntu/ros2_ws/src/examples/rclcpp/executors/cbg_executor/src/ping_pong.cpp:66:21:[m[K [01;31m[Kerror: [m[Kâ€˜[01m[Kclass rclcpp::executors::SingleThreadedExecutor[m[Kâ€™ has no member named â€˜[01m[Kadd_callback_group[m[Kâ€™
   66 |   low_prio_executor.[01;31m[Kadd_callback_group[m[K(
      |                     [01;31m[K^~~~~~~~~~~~~~~~~~[m[K
make[2]: *** [CMakeFiles/pong.dir/build.make:63: CMakeFiles/pong.dir/src/pong.cpp.o] Error 1
make[1]: *** [CMakeFiles/Makefile2:109: CMakeFiles/pong.dir/all] Error 2
make[1]: *** Waiting for unfinished jobs....
[ 30%] [32mBuilding CXX object CMakeFiles/ping_pong.dir/src/examples_rclcpp_cbg_executor/ping_node.cpp.o[0m
make[2]: *** [CMakeFiles/ping_pong.dir/build.make:63: CMakeFiles/ping_pong.dir/src/ping_pong.cpp.o] Error 1
make[2]: *** Waiting for unfinished jobs....
make[1]: *** [CMakeFiles/Makefile2:82: CMakeFiles/ping_pong.dir/all] Error 2
make: *** [Makefile:141: all] Error 2
