[0.027s] Invoking command in '/home/ubuntu/ros2_ws/build/examples_rclcpp_cbg_executor': CMAKE_PREFIX_PATH=/opt/ros/foxy /usr/bin/cmake /home/ubuntu/ros2_ws/src/examples/rclcpp/executors/cbg_executor -DAMENT_CMAKE_SYMLINK_INSTALL=1 -DCMAKE_INSTALL_PREFIX=/home/ubuntu/ros2_ws/install/examples_rclcpp_cbg_executor
[0.095s] -- The C compiler identification is GNU 9.4.0
[0.163s] -- The CXX compiler identification is GNU 9.4.0
[0.169s] -- Check for working C compiler: /usr/bin/cc
[0.253s] -- Check for working C compiler: /usr/bin/cc -- works
[0.253s] -- Detecting C compiler ABI info
[0.345s] -- Detecting C compiler ABI info - done
[0.353s] -- Detecting C compile features
[0.354s] -- Detecting C compile features - done
[0.357s] -- Check for working CXX compiler: /usr/bin/c++
[0.461s] -- Check for working CXX compiler: /usr/bin/c++ -- works
[0.461s] -- Detecting CXX compiler ABI info
[0.557s] -- Detecting CXX compiler ABI info - done
[0.570s] -- Detecting CXX compile features
[0.571s] -- Detecting CXX compile features - done
[0.573s] -- Found ament_cmake: 0.9.9 (/opt/ros/foxy/share/ament_cmake/cmake)
[0.604s] -- Found PythonInterp: /usr/bin/python3 (found suitable version "3.8.10", minimum required is "3") 
[0.605s] -- Using PYTHON_EXECUTABLE: /usr/bin/python3
[0.850s] -- Override CMake install command with custom implementation using symlinks instead of copying resources
[0.876s] -- Found rclcpp: 2.4.1 (/opt/ros/foxy/share/rclcpp/cmake)
[0.931s] -- Using all available rosidl_typesupport_c: rosidl_typesupport_fastrtps_c;rosidl_typesupport_introspection_c
[0.939s] -- Found rosidl_adapter: 1.2.1 (/opt/ros/foxy/share/rosidl_adapter/cmake)
[1.029s] -- Found OpenSSL: /usr/lib/x86_64-linux-gnu/libcrypto.so (found version "1.1.1f")  
[1.065s] -- Found FastRTPS: /opt/ros/foxy/include  
[1.161s] -- Using all available rosidl_typesupport_cpp: rosidl_typesupport_fastrtps_cpp;rosidl_typesupport_introspection_cpp
[1.235s] -- Found rmw_implementation_cmake: 1.0.3 (/opt/ros/foxy/share/rmw_implementation_cmake/cmake)
[1.237s] -- Using RMW implementation 'rmw_fastrtps_cpp' as default
[1.239s] -- Looking for pthread.h
[1.329s] -- Looking for pthread.h - found
[1.329s] -- Performing Test CMAKE_HAVE_LIBC_PTHREAD
[1.422s] -- Performing Test CMAKE_HAVE_LIBC_PTHREAD - Failed
[1.422s] -- Looking for pthread_create in pthreads
[1.496s] -- Looking for pthread_create in pthreads - not found
[1.497s] -- Looking for pthread_create in pthread
[1.582s] -- Looking for pthread_create in pthread - found
[1.584s] -- Found Threads: TRUE  
[1.794s] -- Found ament_lint_auto: 0.9.6 (/opt/ros/foxy/share/ament_lint_auto/cmake)
[1.887s] -- Added test 'copyright' to check source files copyright and LICENSE
[1.889s] -- Added test 'cppcheck' to perform static code analysis on C / C++ code
[1.890s] -- Configured cppcheck include dirs: /home/ubuntu/ros2_ws/src/examples/rclcpp/executors/cbg_executor/include
[1.890s] -- Configured cppcheck exclude dirs and/or files: 
[1.892s] -- Added test 'cpplint' to check C / C++ code against the Google style
[1.892s] -- Configured cpplint exclude dirs and/or files: 
[1.893s] -- Added test 'lint_cmake' to check CMake code style
[1.895s] -- Added test 'uncrustify' to check C / C++ code style
[1.895s] -- Configured uncrustify additional arguments: 
[1.896s] -- Added test 'xmllint' to check XML markup files
[1.904s] -- Configuring done
[1.922s] -- Generating done
[1.924s] -- Build files have been written to: /home/ubuntu/ros2_ws/build/examples_rclcpp_cbg_executor
[1.938s] Invoked command in '/home/ubuntu/ros2_ws/build/examples_rclcpp_cbg_executor' returned '0': CMAKE_PREFIX_PATH=/opt/ros/foxy /usr/bin/cmake /home/ubuntu/ros2_ws/src/examples/rclcpp/executors/cbg_executor -DAMENT_CMAKE_SYMLINK_INSTALL=1 -DCMAKE_INSTALL_PREFIX=/home/ubuntu/ros2_ws/install/examples_rclcpp_cbg_executor
[1.939s] Invoking command in '/home/ubuntu/ros2_ws/build/examples_rclcpp_cbg_executor': CMAKE_PREFIX_PATH=/opt/ros/foxy /usr/bin/cmake --build /home/ubuntu/ros2_ws/build/examples_rclcpp_cbg_executor -- -j2 -l2
[1.994s] [35m[1mScanning dependencies of target pong[0m
[2.007s] [35m[1mScanning dependencies of target ping_pong[0m
[2.286s] [ 10%] [32mBuilding CXX object CMakeFiles/pong.dir/src/pong.cpp.o[0m
[2.294s] [ 20%] [32mBuilding CXX object CMakeFiles/ping_pong.dir/src/ping_pong.cpp.o[0m
[4.965s] [01m[K/home/ubuntu/ros2_ws/src/examples/rclcpp/executors/cbg_executor/src/pong.cpp:[m[K In function â€˜[01m[Kint main(int, char**)[m[Kâ€™:
[4.965s] [01m[K/home/ubuntu/ros2_ws/src/examples/rclcpp/executors/cbg_executor/src/pong.cpp:58:22:[m[K [01;31m[Kerror: [m[Kâ€˜[01m[Kclass rclcpp::executors::SingleThreadedExecutor[m[Kâ€™ has no member named â€˜[01m[Kadd_callback_group[m[Kâ€™
[4.965s]    58 |   high_prio_executor.[01;31m[Kadd_callback_group[m[K(
[4.965s]       |                      [01;31m[K^~~~~~~~~~~~~~~~~~[m[K
[4.966s] [01m[K/home/ubuntu/ros2_ws/src/examples/rclcpp/executors/cbg_executor/src/pong.cpp:60:21:[m[K [01;31m[Kerror: [m[Kâ€˜[01m[Kclass rclcpp::executors::SingleThreadedExecutor[m[Kâ€™ has no member named â€˜[01m[Kadd_callback_group[m[Kâ€™
[4.966s]    60 |   low_prio_executor.[01;31m[Kadd_callback_group[m[K(
[4.966s]       |                     [01;31m[K^~~~~~~~~~~~~~~~~~[m[K
[5.196s] [01m[K/home/ubuntu/ros2_ws/src/examples/rclcpp/executors/cbg_executor/src/ping_pong.cpp:[m[K In function â€˜[01m[Kint main(int, char**)[m[Kâ€™:
[5.196s] [01m[K/home/ubuntu/ros2_ws/src/examples/rclcpp/executors/cbg_executor/src/ping_pong.cpp:64:22:[m[K [01;31m[Kerror: [m[Kâ€˜[01m[Kclass rclcpp::executors::SingleThreadedExecutor[m[Kâ€™ has no member named â€˜[01m[Kadd_callback_group[m[Kâ€™
[5.197s]    64 |   high_prio_executor.[01;31m[Kadd_callback_group[m[K(
[5.197s]       |                      [01;31m[K^~~~~~~~~~~~~~~~~~[m[K
[5.197s] [01m[K/home/ubuntu/ros2_ws/src/examples/rclcpp/executors/cbg_executor/src/ping_pong.cpp:66:21:[m[K [01;31m[Kerror: [m[Kâ€˜[01m[Kclass rclcpp::executors::SingleThreadedExecutor[m[Kâ€™ has no member named â€˜[01m[Kadd_callback_group[m[Kâ€™
[5.197s]    66 |   low_prio_executor.[01;31m[Kadd_callback_group[m[K(
[5.197s]       |                     [01;31m[K^~~~~~~~~~~~~~~~~~[m[K
[5.586s] make[2]: *** [CMakeFiles/pong.dir/build.make:63: CMakeFiles/pong.dir/src/pong.cpp.o] Error 1
[5.586s] make[1]: *** [CMakeFiles/Makefile2:109: CMakeFiles/pong.dir/all] Error 2
[5.587s] make[1]: *** Waiting for unfinished jobs....
[5.623s] [ 30%] [32mBuilding CXX object CMakeFiles/ping_pong.dir/src/examples_rclcpp_cbg_executor/ping_node.cpp.o[0m
[6.052s] make[2]: *** [CMakeFiles/ping_pong.dir/build.make:63: CMakeFiles/ping_pong.dir/src/ping_pong.cpp.o] Error 1
[6.052s] make[2]: *** Waiting for unfinished jobs....
[12.449s] make[1]: *** [CMakeFiles/Makefile2:82: CMakeFiles/ping_pong.dir/all] Error 2
[12.451s] make: *** [Makefile:141: all] Error 2
